<?xml version="1.0" encoding="UTF-8"?>
<!-- Generated by org.testng.reporters.JUnitReportReporter -->
<testsuite hostname="HMS-LP-N-30" failures="0" tests="1" name="testCases.TC001_AccountRegistrationPage" time="4.423" errors="0" timestamp="2024-12-04T10:37:40 IST" skipped="0">
  <testcase classname="testCases.TC001_AccountRegistrationPage" name="verify_account_registration" time="4.423"/>
</testsuite> <!-- testCases.TC001_AccountRegistrationPage -->
